<?xml version="1.0" encoding="UTF-8"?>
<testsuite xmlns:xsi="http://www.w3.org/2001/XMLSchema-instance" xsi:noNamespaceSchemaLocation="https://maven.apache.org/surefire/maven-surefire-plugin/xsd/surefire-test-report.xsd" name="org.geotools.test001.AppTest" time="0.112" tests="1" errors="0" skipped="0" failures="0">
  <properties>
    <property name="gopherProxySet" value="false"/>
    <property name="awt.toolkit" value="sun.lwawt.macosx.LWCToolkit"/>
    <property name="java.specification.version" value="11"/>
    <property name="sun.cpu.isalist" value=""/>
    <property name="sun.jnu.encoding" value="UTF-8"/>
    <property name="java.class.path" value="/Users/cai/eclipse-workspace/test001/test001/target/test-classes:/Users/cai/eclipse-workspace/test001/test001/target/classes:/Users/cai/.m2/repository/junit/junit/4.11/junit-4.11.jar:/Users/cai/.m2/repository/org/hamcrest/hamcrest-core/1.3/hamcrest-core-1.3.jar:/Users/cai/.m2/repository/org/geotools/gt-shapefile/23.1/gt-shapefile-23.1.jar:/Users/cai/.m2/repository/org/geotools/gt-main/23.1/gt-main-23.1.jar:/Users/cai/.m2/repository/org/locationtech/jts/jts-core/1.16.1/jts-core-1.16.1.jar:/Users/cai/.m2/repository/org/apache/commons/commons-text/1.6/commons-text-1.6.jar:/Users/cai/.m2/repository/org/apache/commons/commons-lang3/3.8.1/commons-lang3-3.8.1.jar:/Users/cai/.m2/repository/com/fasterxml/jackson/core/jackson-core/2.10.1/jackson-core-2.10.1.jar:/Users/cai/.m2/repository/javax/media/jai_core/1.1.3/jai_core-1.1.3.jar:/Users/cai/.m2/repository/org/geotools/gt-swing/23.1/gt-swing-23.1.jar:/Users/cai/.m2/repository/org/geotools/gt-referencing/23.1/gt-referencing-23.1.jar:/Users/cai/.m2/repository/org/ejml/ejml-ddense/0.34/ejml-ddense-0.34.jar:/Users/cai/.m2/repository/org/ejml/ejml-core/0.34/ejml-core-0.34.jar:/Users/cai/.m2/repository/commons-pool/commons-pool/1.5.4/commons-pool-1.5.4.jar:/Users/cai/.m2/repository/org/geotools/gt-metadata/23.1/gt-metadata-23.1.jar:/Users/cai/.m2/repository/org/geotools/gt-opengis/23.1/gt-opengis-23.1.jar:/Users/cai/.m2/repository/systems/uom/systems-common-java8/0.7.2/systems-common-java8-0.7.2.jar:/Users/cai/.m2/repository/tec/uom/uom-se/1.0.8/uom-se-1.0.8.jar:/Users/cai/.m2/repository/javax/measure/unit-api/1.0/unit-api-1.0.jar:/Users/cai/.m2/repository/tec/uom/lib/uom-lib-common/1.0.2/uom-lib-common-1.0.2.jar:/Users/cai/.m2/repository/si/uom/si-quantity/0.7.1/si-quantity-0.7.1.jar:/Users/cai/.m2/repository/si/uom/si-units-java8/0.7.1/si-units-java8-0.7.1.jar:/Users/cai/.m2/repository/org/geotools/ogc/net.opengis.ows/23.1/net.opengis.ows-23.1.jar:/Users/cai/.m2/repository/org/geotools/ogc/org.w3.xlink/23.1/org.w3.xlink-23.1.jar:/Users/cai/.m2/repository/org/eclipse/emf/org.eclipse.emf.common/2.15.0/org.eclipse.emf.common-2.15.0.jar:/Users/cai/.m2/repository/org/eclipse/emf/org.eclipse.emf.ecore/2.15.0/org.eclipse.emf.ecore-2.15.0.jar:/Users/cai/.m2/repository/org/eclipse/emf/org.eclipse.emf.ecore.xmi/2.15.0/org.eclipse.emf.ecore.xmi-2.15.0.jar:/Users/cai/.m2/repository/jgridshift/jgridshift-core/1.2/jgridshift-core-1.2.jar:/Users/cai/.m2/repository/javax/javaee-api/7.0/javaee-api-7.0.jar:/Users/cai/.m2/repository/com/sun/mail/javax.mail/1.5.0/javax.mail-1.5.0.jar:/Users/cai/.m2/repository/javax/activation/activation/1.1/activation-1.1.jar:/Users/cai/.m2/repository/net/sf/geographiclib/GeographicLib-Java/1.49/GeographicLib-Java-1.49.jar:/Users/cai/.m2/repository/org/geotools/gt-render/23.1/gt-render-23.1.jar:/Users/cai/.m2/repository/org/geotools/gt-coverage/23.1/gt-coverage-23.1.jar:/Users/cai/.m2/repository/javax/media/jai_imageio/1.1/jai_imageio-1.1.jar:/Users/cai/.m2/repository/it/geosolutions/imageio-ext/imageio-ext-tiff/1.3.2/imageio-ext-tiff-1.3.2.jar:/Users/cai/.m2/repository/it/geosolutions/imageio-ext/imageio-ext-utilities/1.3.2/imageio-ext-utilities-1.3.2.jar:/Users/cai/.m2/repository/it/geosolutions/imageio-ext/imageio-ext-geocore/1.3.2/imageio-ext-geocore-1.3.2.jar:/Users/cai/.m2/repository/javax/xml/bind/jaxb-api/2.4.0-b180830.0359/jaxb-api-2.4.0-b180830.0359.jar:/Users/cai/.m2/repository/it/geosolutions/imageio-ext/imageio-ext-streams/1.3.2/imageio-ext-streams-1.3.2.jar:/Users/cai/.m2/repository/org/glassfish/jaxb/jaxb-runtime/2.4.0-b180830.0438/jaxb-runtime-2.4.0-b180830.0438.jar:/Users/cai/.m2/repository/org/glassfish/jaxb/txw2/2.4.0-b180830.0438/txw2-2.4.0-b180830.0438.jar:/Users/cai/.m2/repository/com/sun/istack/istack-commons-runtime/3.0.7/istack-commons-runtime-3.0.7.jar:/Users/cai/.m2/repository/org/jvnet/staxex/stax-ex/1.8/stax-ex-1.8.jar:/Users/cai/.m2/repository/com/sun/xml/fastinfoset/FastInfoset/1.2.15/FastInfoset-1.2.15.jar:/Users/cai/.m2/repository/javax/activation/javax.activation-api/1.2.0/javax.activation-api-1.2.0.jar:/Users/cai/.m2/repository/javax/media/jai_codec/1.1.3/jai_codec-1.1.3.jar:/Users/cai/.m2/repository/org/jaitools/jt-zonalstats/1.5.0/jt-zonalstats-1.5.0.jar:/Users/cai/.m2/repository/org/jaitools/jt-utils/1.5.0/jt-utils-1.5.0.jar:/Users/cai/.m2/repository/it/geosolutions/jaiext/affine/jt-affine/1.1.14/jt-affine-1.1.14.jar:/Users/cai/.m2/repository/it/geosolutions/jaiext/algebra/jt-algebra/1.1.14/jt-algebra-1.1.14.jar:/Users/cai/.m2/repository/it/geosolutions/jaiext/bandmerge/jt-bandmerge/1.1.14/jt-bandmerge-1.1.14.jar:/Users/cai/.m2/repository/it/geosolutions/jaiext/bandselect/jt-bandselect/1.1.14/jt-bandselect-1.1.14.jar:/Users/cai/.m2/repository/it/geosolutions/jaiext/bandcombine/jt-bandcombine/1.1.14/jt-bandcombine-1.1.14.jar:/Users/cai/.m2/repository/it/geosolutions/jaiext/border/jt-border/1.1.14/jt-border-1.1.14.jar:/Users/cai/.m2/repository/it/geosolutions/jaiext/buffer/jt-buffer/1.1.14/jt-buffer-1.1.14.jar:/Users/cai/.m2/repository/it/geosolutions/jaiext/crop/jt-crop/1.1.14/jt-crop-1.1.14.jar:/Users/cai/.m2/repository/it/geosolutions/jaiext/iterators/jt-iterators/1.1.14/jt-iterators-1.1.14.jar:/Users/cai/.m2/repository/it/geosolutions/jaiext/lookup/jt-lookup/1.1.14/jt-lookup-1.1.14.jar:/Users/cai/.m2/repository/it/geosolutions/jaiext/mosaic/jt-mosaic/1.1.14/jt-mosaic-1.1.14.jar:/Users/cai/.m2/repository/it/geosolutions/jaiext/nullop/jt-nullop/1.1.14/jt-nullop-1.1.14.jar:/Users/cai/.m2/repository/it/geosolutions/jaiext/rescale/jt-rescale/1.1.14/jt-rescale-1.1.14.jar:/Users/cai/.m2/repository/it/geosolutions/jaiext/scale/jt-scale/1.1.14/jt-scale-1.1.14.jar:/Users/cai/.m2/repository/it/geosolutions/jaiext/scale2/jt-scale2/1.1.14/jt-scale2-1.1.14.jar:/Users/cai/.m2/repository/org/huldra/math/bigint/0.7.1/bigint-0.7.1.jar:/Users/cai/.m2/repository/it/geosolutions/jaiext/stats/jt-stats/1.1.14/jt-stats-1.1.14.jar:/Users/cai/.m2/repository/com/google/guava/guava/27.0-jre/guava-27.0-jre.jar:/Users/cai/.m2/repository/com/google/guava/failureaccess/1.0/failureaccess-1.0.jar:/Users/cai/.m2/repository/com/google/guava/listenablefuture/9999.0-empty-to-avoid-conflict-with-guava/listenablefuture-9999.0-empty-to-avoid-conflict-with-guava.jar:/Users/cai/.m2/repository/com/google/code/findbugs/jsr305/3.0.2/jsr305-3.0.2.jar:/Users/cai/.m2/repository/org/checkerframework/checker-qual/2.5.2/checker-qual-2.5.2.jar:/Users/cai/.m2/repository/com/google/errorprone/error_prone_annotations/2.2.0/error_prone_annotations-2.2.0.jar:/Users/cai/.m2/repository/com/google/j2objc/j2objc-annotations/1.1/j2objc-annotations-1.1.jar:/Users/cai/.m2/repository/org/codehaus/mojo/animal-sniffer-annotations/1.17/animal-sniffer-annotations-1.17.jar:/Users/cai/.m2/repository/it/geosolutions/jaiext/translate/jt-translate/1.1.14/jt-translate-1.1.14.jar:/Users/cai/.m2/repository/it/geosolutions/jaiext/utilities/jt-utilities/1.1.14/jt-utilities-1.1.14.jar:/Users/cai/.m2/repository/it/geosolutions/jaiext/warp/jt-warp/1.1.14/jt-warp-1.1.14.jar:/Users/cai/.m2/repository/it/geosolutions/jaiext/zonal/jt-zonal/1.1.14/jt-zonal-1.1.14.jar:/Users/cai/.m2/repository/it/geosolutions/jaiext/binarize/jt-binarize/1.1.14/jt-binarize-1.1.14.jar:/Users/cai/.m2/repository/it/geosolutions/jaiext/format/jt-format/1.1.14/jt-format-1.1.14.jar:/Users/cai/.m2/repository/it/geosolutions/jaiext/colorconvert/jt-colorconvert/1.1.14/jt-colorconvert-1.1.14.jar:/Users/cai/.m2/repository/it/geosolutions/jaiext/errordiffusion/jt-errordiffusion/1.1.14/jt-errordiffusion-1.1.14.jar:/Users/cai/.m2/repository/it/geosolutions/jaiext/orderdither/jt-orderdither/1.1.14/jt-orderdither-1.1.14.jar:/Users/cai/.m2/repository/it/geosolutions/jaiext/colorindexer/jt-colorindexer/1.1.14/jt-colorindexer-1.1.14.jar:/Users/cai/.m2/repository/it/geosolutions/jaiext/imagefunction/jt-imagefunction/1.1.14/jt-imagefunction-1.1.14.jar:/Users/cai/.m2/repository/it/geosolutions/jaiext/piecewise/jt-piecewise/1.1.14/jt-piecewise-1.1.14.jar:/Users/cai/.m2/repository/it/geosolutions/jaiext/classifier/jt-classifier/1.1.14/jt-classifier-1.1.14.jar:/Users/cai/.m2/repository/it/geosolutions/jaiext/rlookup/jt-rlookup/1.1.14/jt-rlookup-1.1.14.jar:/Users/cai/.m2/repository/it/geosolutions/jaiext/vectorbin/jt-vectorbin/1.1.14/jt-vectorbin-1.1.14.jar:/Users/cai/.m2/repository/it/geosolutions/jaiext/shadedrelief/jt-shadedrelief/1.1.14/jt-shadedrelief-1.1.14.jar:/Users/cai/.m2/repository/commons-io/commons-io/2.6/commons-io-2.6.jar:/Users/cai/.m2/repository/org/geotools/gt-cql/23.1/gt-cql-23.1.jar:/Users/cai/.m2/repository/com/conversantmedia/disruptor/1.2.13/disruptor-1.2.13.jar:/Users/cai/.m2/repository/org/slf4j/slf4j-api/1.7.13/slf4j-api-1.7.13.jar:/Users/cai/.m2/repository/com/miglayout/miglayout/3.7/miglayout-3.7-swing.jar:"/>
    <property name="java.vm.vendor" value="Oracle Corporation"/>
    <property name="sun.arch.data.model" value="64"/>
    <property name="java.vendor.url" value="https://openjdk.java.net/"/>
    <property name="user.timezone" value=""/>
    <property name="java.vm.specification.version" value="11"/>
    <property name="os.name" value="Mac OS X"/>
    <property name="sun.java.launcher" value="SUN_STANDARD"/>
    <property name="user.country" value="FR"/>
    <property name="sun.boot.library.path" value="/Library/Java/JavaVirtualMachines/jdk-11.0.7.jdk/Contents/Home/lib"/>
    <property name="sun.java.command" value="/Users/cai/eclipse-workspace/test001/test001/target/surefire/surefirebooter4321700424909621267.jar /Users/cai/eclipse-workspace/test001/test001/target/surefire 2020-06-07T21-31-53_778-jvmRun1 surefire14138940639215813952tmp surefire_017328575498365623249tmp"/>
    <property name="http.nonProxyHosts" value="local|*.local|169.254/16|*.169.254/16"/>
    <property name="jdk.debug" value="release"/>
    <property name="surefire.test.class.path" value="/Users/cai/eclipse-workspace/test001/test001/target/test-classes:/Users/cai/eclipse-workspace/test001/test001/target/classes:/Users/cai/.m2/repository/junit/junit/4.11/junit-4.11.jar:/Users/cai/.m2/repository/org/hamcrest/hamcrest-core/1.3/hamcrest-core-1.3.jar:/Users/cai/.m2/repository/org/geotools/gt-shapefile/23.1/gt-shapefile-23.1.jar:/Users/cai/.m2/repository/org/geotools/gt-main/23.1/gt-main-23.1.jar:/Users/cai/.m2/repository/org/locationtech/jts/jts-core/1.16.1/jts-core-1.16.1.jar:/Users/cai/.m2/repository/org/apache/commons/commons-text/1.6/commons-text-1.6.jar:/Users/cai/.m2/repository/org/apache/commons/commons-lang3/3.8.1/commons-lang3-3.8.1.jar:/Users/cai/.m2/repository/com/fasterxml/jackson/core/jackson-core/2.10.1/jackson-core-2.10.1.jar:/Users/cai/.m2/repository/javax/media/jai_core/1.1.3/jai_core-1.1.3.jar:/Users/cai/.m2/repository/org/geotools/gt-swing/23.1/gt-swing-23.1.jar:/Users/cai/.m2/repository/org/geotools/gt-referencing/23.1/gt-referencing-23.1.jar:/Users/cai/.m2/repository/org/ejml/ejml-ddense/0.34/ejml-ddense-0.34.jar:/Users/cai/.m2/repository/org/ejml/ejml-core/0.34/ejml-core-0.34.jar:/Users/cai/.m2/repository/commons-pool/commons-pool/1.5.4/commons-pool-1.5.4.jar:/Users/cai/.m2/repository/org/geotools/gt-metadata/23.1/gt-metadata-23.1.jar:/Users/cai/.m2/repository/org/geotools/gt-opengis/23.1/gt-opengis-23.1.jar:/Users/cai/.m2/repository/systems/uom/systems-common-java8/0.7.2/systems-common-java8-0.7.2.jar:/Users/cai/.m2/repository/tec/uom/uom-se/1.0.8/uom-se-1.0.8.jar:/Users/cai/.m2/repository/javax/measure/unit-api/1.0/unit-api-1.0.jar:/Users/cai/.m2/repository/tec/uom/lib/uom-lib-common/1.0.2/uom-lib-common-1.0.2.jar:/Users/cai/.m2/repository/si/uom/si-quantity/0.7.1/si-quantity-0.7.1.jar:/Users/cai/.m2/repository/si/uom/si-units-java8/0.7.1/si-units-java8-0.7.1.jar:/Users/cai/.m2/repository/org/geotools/ogc/net.opengis.ows/23.1/net.opengis.ows-23.1.jar:/Users/cai/.m2/repository/org/geotools/ogc/org.w3.xlink/23.1/org.w3.xlink-23.1.jar:/Users/cai/.m2/repository/org/eclipse/emf/org.eclipse.emf.common/2.15.0/org.eclipse.emf.common-2.15.0.jar:/Users/cai/.m2/repository/org/eclipse/emf/org.eclipse.emf.ecore/2.15.0/org.eclipse.emf.ecore-2.15.0.jar:/Users/cai/.m2/repository/org/eclipse/emf/org.eclipse.emf.ecore.xmi/2.15.0/org.eclipse.emf.ecore.xmi-2.15.0.jar:/Users/cai/.m2/repository/jgridshift/jgridshift-core/1.2/jgridshift-core-1.2.jar:/Users/cai/.m2/repository/javax/javaee-api/7.0/javaee-api-7.0.jar:/Users/cai/.m2/repository/com/sun/mail/javax.mail/1.5.0/javax.mail-1.5.0.jar:/Users/cai/.m2/repository/javax/activation/activation/1.1/activation-1.1.jar:/Users/cai/.m2/repository/net/sf/geographiclib/GeographicLib-Java/1.49/GeographicLib-Java-1.49.jar:/Users/cai/.m2/repository/org/geotools/gt-render/23.1/gt-render-23.1.jar:/Users/cai/.m2/repository/org/geotools/gt-coverage/23.1/gt-coverage-23.1.jar:/Users/cai/.m2/repository/javax/media/jai_imageio/1.1/jai_imageio-1.1.jar:/Users/cai/.m2/repository/it/geosolutions/imageio-ext/imageio-ext-tiff/1.3.2/imageio-ext-tiff-1.3.2.jar:/Users/cai/.m2/repository/it/geosolutions/imageio-ext/imageio-ext-utilities/1.3.2/imageio-ext-utilities-1.3.2.jar:/Users/cai/.m2/repository/it/geosolutions/imageio-ext/imageio-ext-geocore/1.3.2/imageio-ext-geocore-1.3.2.jar:/Users/cai/.m2/repository/javax/xml/bind/jaxb-api/2.4.0-b180830.0359/jaxb-api-2.4.0-b180830.0359.jar:/Users/cai/.m2/repository/it/geosolutions/imageio-ext/imageio-ext-streams/1.3.2/imageio-ext-streams-1.3.2.jar:/Users/cai/.m2/repository/org/glassfish/jaxb/jaxb-runtime/2.4.0-b180830.0438/jaxb-runtime-2.4.0-b180830.0438.jar:/Users/cai/.m2/repository/org/glassfish/jaxb/txw2/2.4.0-b180830.0438/txw2-2.4.0-b180830.0438.jar:/Users/cai/.m2/repository/com/sun/istack/istack-commons-runtime/3.0.7/istack-commons-runtime-3.0.7.jar:/Users/cai/.m2/repository/org/jvnet/staxex/stax-ex/1.8/stax-ex-1.8.jar:/Users/cai/.m2/repository/com/sun/xml/fastinfoset/FastInfoset/1.2.15/FastInfoset-1.2.15.jar:/Users/cai/.m2/repository/javax/activation/javax.activation-api/1.2.0/javax.activation-api-1.2.0.jar:/Users/cai/.m2/repository/javax/media/jai_codec/1.1.3/jai_codec-1.1.3.jar:/Users/cai/.m2/repository/org/jaitools/jt-zonalstats/1.5.0/jt-zonalstats-1.5.0.jar:/Users/cai/.m2/repository/org/jaitools/jt-utils/1.5.0/jt-utils-1.5.0.jar:/Users/cai/.m2/repository/it/geosolutions/jaiext/affine/jt-affine/1.1.14/jt-affine-1.1.14.jar:/Users/cai/.m2/repository/it/geosolutions/jaiext/algebra/jt-algebra/1.1.14/jt-algebra-1.1.14.jar:/Users/cai/.m2/repository/it/geosolutions/jaiext/bandmerge/jt-bandmerge/1.1.14/jt-bandmerge-1.1.14.jar:/Users/cai/.m2/repository/it/geosolutions/jaiext/bandselect/jt-bandselect/1.1.14/jt-bandselect-1.1.14.jar:/Users/cai/.m2/repository/it/geosolutions/jaiext/bandcombine/jt-bandcombine/1.1.14/jt-bandcombine-1.1.14.jar:/Users/cai/.m2/repository/it/geosolutions/jaiext/border/jt-border/1.1.14/jt-border-1.1.14.jar:/Users/cai/.m2/repository/it/geosolutions/jaiext/buffer/jt-buffer/1.1.14/jt-buffer-1.1.14.jar:/Users/cai/.m2/repository/it/geosolutions/jaiext/crop/jt-crop/1.1.14/jt-crop-1.1.14.jar:/Users/cai/.m2/repository/it/geosolutions/jaiext/iterators/jt-iterators/1.1.14/jt-iterators-1.1.14.jar:/Users/cai/.m2/repository/it/geosolutions/jaiext/lookup/jt-lookup/1.1.14/jt-lookup-1.1.14.jar:/Users/cai/.m2/repository/it/geosolutions/jaiext/mosaic/jt-mosaic/1.1.14/jt-mosaic-1.1.14.jar:/Users/cai/.m2/repository/it/geosolutions/jaiext/nullop/jt-nullop/1.1.14/jt-nullop-1.1.14.jar:/Users/cai/.m2/repository/it/geosolutions/jaiext/rescale/jt-rescale/1.1.14/jt-rescale-1.1.14.jar:/Users/cai/.m2/repository/it/geosolutions/jaiext/scale/jt-scale/1.1.14/jt-scale-1.1.14.jar:/Users/cai/.m2/repository/it/geosolutions/jaiext/scale2/jt-scale2/1.1.14/jt-scale2-1.1.14.jar:/Users/cai/.m2/repository/org/huldra/math/bigint/0.7.1/bigint-0.7.1.jar:/Users/cai/.m2/repository/it/geosolutions/jaiext/stats/jt-stats/1.1.14/jt-stats-1.1.14.jar:/Users/cai/.m2/repository/com/google/guava/guava/27.0-jre/guava-27.0-jre.jar:/Users/cai/.m2/repository/com/google/guava/failureaccess/1.0/failureaccess-1.0.jar:/Users/cai/.m2/repository/com/google/guava/listenablefuture/9999.0-empty-to-avoid-conflict-with-guava/listenablefuture-9999.0-empty-to-avoid-conflict-with-guava.jar:/Users/cai/.m2/repository/com/google/code/findbugs/jsr305/3.0.2/jsr305-3.0.2.jar:/Users/cai/.m2/repository/org/checkerframework/checker-qual/2.5.2/checker-qual-2.5.2.jar:/Users/cai/.m2/repository/com/google/errorprone/error_prone_annotations/2.2.0/error_prone_annotations-2.2.0.jar:/Users/cai/.m2/repository/com/google/j2objc/j2objc-annotations/1.1/j2objc-annotations-1.1.jar:/Users/cai/.m2/repository/org/codehaus/mojo/animal-sniffer-annotations/1.17/animal-sniffer-annotations-1.17.jar:/Users/cai/.m2/repository/it/geosolutions/jaiext/translate/jt-translate/1.1.14/jt-translate-1.1.14.jar:/Users/cai/.m2/repository/it/geosolutions/jaiext/utilities/jt-utilities/1.1.14/jt-utilities-1.1.14.jar:/Users/cai/.m2/repository/it/geosolutions/jaiext/warp/jt-warp/1.1.14/jt-warp-1.1.14.jar:/Users/cai/.m2/repository/it/geosolutions/jaiext/zonal/jt-zonal/1.1.14/jt-zonal-1.1.14.jar:/Users/cai/.m2/repository/it/geosolutions/jaiext/binarize/jt-binarize/1.1.14/jt-binarize-1.1.14.jar:/Users/cai/.m2/repository/it/geosolutions/jaiext/format/jt-format/1.1.14/jt-format-1.1.14.jar:/Users/cai/.m2/repository/it/geosolutions/jaiext/colorconvert/jt-colorconvert/1.1.14/jt-colorconvert-1.1.14.jar:/Users/cai/.m2/repository/it/geosolutions/jaiext/errordiffusion/jt-errordiffusion/1.1.14/jt-errordiffusion-1.1.14.jar:/Users/cai/.m2/repository/it/geosolutions/jaiext/orderdither/jt-orderdither/1.1.14/jt-orderdither-1.1.14.jar:/Users/cai/.m2/repository/it/geosolutions/jaiext/colorindexer/jt-colorindexer/1.1.14/jt-colorindexer-1.1.14.jar:/Users/cai/.m2/repository/it/geosolutions/jaiext/imagefunction/jt-imagefunction/1.1.14/jt-imagefunction-1.1.14.jar:/Users/cai/.m2/repository/it/geosolutions/jaiext/piecewise/jt-piecewise/1.1.14/jt-piecewise-1.1.14.jar:/Users/cai/.m2/repository/it/geosolutions/jaiext/classifier/jt-classifier/1.1.14/jt-classifier-1.1.14.jar:/Users/cai/.m2/repository/it/geosolutions/jaiext/rlookup/jt-rlookup/1.1.14/jt-rlookup-1.1.14.jar:/Users/cai/.m2/repository/it/geosolutions/jaiext/vectorbin/jt-vectorbin/1.1.14/jt-vectorbin-1.1.14.jar:/Users/cai/.m2/repository/it/geosolutions/jaiext/shadedrelief/jt-shadedrelief/1.1.14/jt-shadedrelief-1.1.14.jar:/Users/cai/.m2/repository/commons-io/commons-io/2.6/commons-io-2.6.jar:/Users/cai/.m2/repository/org/geotools/gt-cql/23.1/gt-cql-23.1.jar:/Users/cai/.m2/repository/com/conversantmedia/disruptor/1.2.13/disruptor-1.2.13.jar:/Users/cai/.m2/repository/org/slf4j/slf4j-api/1.7.13/slf4j-api-1.7.13.jar:/Users/cai/.m2/repository/com/miglayout/miglayout/3.7/miglayout-3.7-swing.jar:"/>
    <property name="sun.cpu.endian" value="little"/>
    <property name="user.home" value="/Users/cai"/>
    <property name="user.language" value="fr"/>
    <property name="java.specification.vendor" value="Oracle Corporation"/>
    <property name="java.version.date" value="2020-04-14"/>
    <property name="java.home" value="/Library/Java/JavaVirtualMachines/jdk-11.0.7.jdk/Contents/Home"/>
    <property name="file.separator" value="/"/>
    <property name="basedir" value="/Users/cai/eclipse-workspace/test001/test001"/>
    <property name="java.vm.compressedOopsMode" value="Zero based"/>
    <property name="line.separator" value="&#10;"/>
    <property name="java.specification.name" value="Java Platform API Specification"/>
    <property name="java.vm.specification.vendor" value="Oracle Corporation"/>
    <property name="java.awt.graphicsenv" value="sun.awt.CGraphicsEnvironment"/>
    <property name="surefire.real.class.path" value="/Users/cai/eclipse-workspace/test001/test001/target/surefire/surefirebooter4321700424909621267.jar"/>
    <property name="sun.management.compiler" value="HotSpot 64-Bit Tiered Compilers"/>
    <property name="ftp.nonProxyHosts" value="local|*.local|169.254/16|*.169.254/16"/>
    <property name="java.runtime.version" value="11.0.7+8-LTS"/>
    <property name="user.name" value="cai"/>
    <property name="path.separator" value=":"/>
    <property name="os.version" value="10.13.6"/>
    <property name="java.runtime.name" value="Java(TM) SE Runtime Environment"/>
    <property name="file.encoding" value="UTF-8"/>
    <property name="java.vm.name" value="Java HotSpot(TM) 64-Bit Server VM"/>
    <property name="java.vendor.version" value="18.9"/>
    <property name="localRepository" value="/Users/cai/.m2/repository"/>
    <property name="java.vendor.url.bug" value="https://bugreport.java.com/bugreport/"/>
    <property name="java.io.tmpdir" value="/var/folders/3s/c6b07yns2j5dfbmvtkr9wnhc0000gq/T/"/>
    <property name="java.version" value="11.0.7"/>
    <property name="user.dir" value="/Users/cai/eclipse-workspace/test001/test001"/>
    <property name="os.arch" value="x86_64"/>
    <property name="java.vm.specification.name" value="Java Virtual Machine Specification"/>
    <property name="java.awt.printerjob" value="sun.lwawt.macosx.CPrinterJob"/>
    <property name="sun.os.patch.level" value="unknown"/>
    <property name="java.library.path" value="/Users/cai/Library/Java/Extensions:/Library/Java/Extensions:/Network/Library/Java/Extensions:/System/Library/Java/Extensions:/usr/lib/java:."/>
    <property name="java.vendor" value="Oracle Corporation"/>
    <property name="java.vm.info" value="mixed mode"/>
    <property name="java.vm.version" value="11.0.7+8-LTS"/>
    <property name="sun.io.unicode.encoding" value="UnicodeBig"/>
    <property name="java.class.version" value="55.0"/>
    <property name="socksNonProxyHosts" value="local|*.local|169.254/16|*.169.254/16"/>
  </properties>
  <testcase name="shouldAnswerWithTrue" classname="org.geotools.test001.AppTest" time="0.002"/>
</testsuite>